[0810/193419.319:ERROR:process_memory_win.cc(73)] ReadMemory at 0x1b592620750 of 72 bytes failed: Запрос ReadProcessMemory или WriteProcessMemory был выполнен только частично. (0x12B)
[0810/193419.725:WARNING:pe_image_annotations_reader.cc(134)] could not read annotations list object in C:\Program Files (x86)\Google\Chrome\Application\77.0.3865.90\chrome_elf.dll
[0810/193419.725:ERROR:process_memory_win.cc(73)] ReadMemory at 0x1b592520000 of 64 bytes failed: Запрос ReadProcessMemory или WriteProcessMemory был выполнен только частично. (0x12B)
[0810/193419.725:WARNING:pe_image_reader.cc(340)] could not read dos header from C:\WINDOWS\System32\sechost.dll
[0810/193419.725:ERROR:process_memory_win.cc(73)] ReadMemory at 0x1b5926a5c70 of 72 bytes failed: Запрос ReadProcessMemory или WriteProcessMemory был выполнен только частично. (0x12B)
[0810/193419.819:WARNING:pe_image_annotations_reader.cc(134)] could not read annotations list object in C:\Program Files (x86)\Google\Chrome\Application\77.0.3865.90\chrome_child.dll
[0810/193419.820:ERROR:process_memory_win.cc(73)] ReadMemory at 0x1b5922e0000 of 64 bytes failed: Запрос ReadProcessMemory или WriteProcessMemory был выполнен только частично. (0x12B)
[0810/193419.820:WARNING:pe_image_reader.cc(340)] could not read dos header from C:\WINDOWS\System32\IMM32.DLL
[0810/193419.820:ERROR:process_memory_win.cc(73)] ReadMemory at 0x1b592620750 of 72 bytes failed: Запрос ReadProcessMemory или WriteProcessMemory был выполнен только частично. (0x12B)
[0810/193419.820:WARNING:pe_image_annotations_reader.cc(134)] could not read annotations list object in C:\Program Files (x86)\Google\Chrome\Application\77.0.3865.90\chrome_elf.dll
[0810/193419.821:ERROR:process_memory_win.cc(73)] ReadMemory at 0x1b592520000 of 64 bytes failed: Запрос ReadProcessMemory или WriteProcessMemory был выполнен только частично. (0x12B)
[0810/193419.821:WARNING:pe_image_reader.cc(340)] could not read dos header from C:\WINDOWS\System32\sechost.dll
[0810/193419.821:ERROR:process_memory_win.cc(73)] ReadMemory at 0x1b5926a5c70 of 72 bytes failed: Запрос ReadProcessMemory или WriteProcessMemory был выполнен только частично. (0x12B)
[0810/193419.821:WARNING:pe_image_annotations_reader.cc(134)] could not read annotations list object in C:\Program Files (x86)\Google\Chrome\Application\77.0.3865.90\chrome_child.dll
[0810/193419.821:ERROR:process_memory_win.cc(73)] ReadMemory at 0x1b5922e0000 of 64 bytes failed: Запрос ReadProcessMemory или WriteProcessMemory был выполнен только частично. (0x12B)
[0810/193419.821:WARNING:pe_image_reader.cc(340)] could not read dos header from C:\WINDOWS\System32\IMM32.DLL
[0810/193420.155:ERROR:process_memory_win.cc(73)] ReadMemory at 0x71851ee000 of 73728 bytes failed: Запрос ReadProcessMemory или WriteProcessMemory был выполнен только частично. (0x12B)
[0810/193420.156:ERROR:process_memory_win.cc(73)] ReadMemory at 0x71859fd000 of 12288 bytes failed: Запрос ReadProcessMemory или WriteProcessMemory был выполнен только частично. (0x12B)
[0810/193420.156:ERROR:process_memory_win.cc(73)] ReadMemory at 0x71869fc000 of 16384 bytes failed: Запрос ReadProcessMemory или WriteProcessMemory был выполнен только частично. (0x12B)
[0810/193420.156:ERROR:process_memory_win.cc(73)] ReadMemory at 0x71871fb000 of 20480 bytes failed: Запрос ReadProcessMemory или WriteProcessMemory был выполнен только частично. (0x12B)
[0810/193420.156:ERROR:process_memory_win.cc(73)] ReadMemory at 0x71879fe000 of 8192 bytes failed: Запрос ReadProcessMemory или WriteProcessMemory был выполнен только частично. (0x12B)
[0810/193420.156:ERROR:process_memory_win.cc(73)] ReadMemory at 0x71881fd000 of 12288 bytes failed: Запрос ReadProcessMemory или WriteProcessMemory был выполнен только частично. (0x12B)
[0810/193420.158:ERROR:process_memory_win.cc(73)] ReadMemory at 0x71889fb000 of 20480 bytes failed: Запрос ReadProcessMemory или WriteProcessMemory был выполнен только частично. (0x12B)
[0810/193420.158:ERROR:process_memory_win.cc(73)] ReadMemory at 0x71891f7000 of 36864 bytes failed: Запрос ReadProcessMemory или WriteProcessMemory был выполнен только частично. (0x12B)
[0810/193420.158:ERROR:process_memory_win.cc(73)] ReadMemory at 0x71899fd000 of 12288 bytes failed: Запрос ReadProcessMemory или WriteProcessMemory был выполнен только частично. (0x12B)
[0810/193420.159:ERROR:process_memory_win.cc(73)] ReadMemory at 0x718b1f8000 of 32768 bytes failed: Запрос ReadProcessMemory или WriteProcessMemory был выполнен только частично. (0x12B)
[0810/193420.159:ERROR:process_memory_win.cc(73)] ReadMemory at 0x718b9f8000 of 32768 bytes failed: Запрос ReadProcessMemory или WriteProcessMemory был выполнен только частично. (0x12B)
[0810/193420.159:ERROR:process_memory_win.cc(73)] ReadMemory at 0x718c1fa000 of 24576 bytes failed: Запрос ReadProcessMemory или WriteProcessMemory был выполнен только частично. (0x12B)
[0810/193420.162:ERROR:process_memory_win.cc(73)] ReadMemory at 0x71861fe000 of 8192 bytes failed: Запрос ReadProcessMemory или WriteProcessMemory был выполнен только частично. (0x12B)
[0810/193420.163:ERROR:process_memory_win.cc(73)] ReadMemory at 0x7184973000 of 852 bytes failed: Запрос ReadProcessMemory или WriteProcessMemory был выполнен только частично. (0x12B)
[0810/193420.181:ERROR:process_memory_win.cc(73)] ReadMemory at 0x7184974000 of 6024 bytes failed: Запрос ReadProcessMemory или WriteProcessMemory был выполнен только частично. (0x12B)
[0810/193420.181:ERROR:process_memory_win.cc(73)] ReadMemory at 0x7184976000 of 6024 bytes failed: Запрос ReadProcessMemory или WriteProcessMemory был выполнен только частично. (0x12B)
[0810/193420.181:ERROR:process_memory_win.cc(73)] ReadMemory at 0x718497a000 of 6024 bytes failed: Запрос ReadProcessMemory или WriteProcessMemory был выполнен только частично. (0x12B)
[0810/193420.181:ERROR:process_memory_win.cc(73)] ReadMemory at 0x718497c000 of 6024 bytes failed: Запрос ReadProcessMemory или WriteProcessMemory был выполнен только частично. (0x12B)
[0810/193420.181:ERROR:process_memory_win.cc(73)] ReadMemory at 0x718497e000 of 6024 bytes failed: Запрос ReadProcessMemory или WriteProcessMemory был выполнен только частично. (0x12B)
[0810/193420.182:ERROR:process_memory_win.cc(73)] ReadMemory at 0x7184980000 of 6024 bytes failed: Запрос ReadProcessMemory или WriteProcessMemory был выполнен только частично. (0x12B)
[0810/193420.182:ERROR:process_memory_win.cc(73)] ReadMemory at 0x7184982000 of 6024 bytes failed: Запрос ReadProcessMemory или WriteProcessMemory был выполнен только частично. (0x12B)
[0810/193420.182:ERROR:process_memory_win.cc(73)] ReadMemory at 0x7184984000 of 6024 bytes failed: Запрос ReadProcessMemory или WriteProcessMemory был выполнен только частично. (0x12B)
[0810/193420.182:ERROR:process_memory_win.cc(73)] ReadMemory at 0x7184986000 of 6024 bytes failed: Запрос ReadProcessMemory или WriteProcessMemory был выполнен только частично. (0x12B)
[0810/193420.182:ERROR:process_memory_win.cc(73)] ReadMemory at 0x718498c000 of 6024 bytes failed: Запрос ReadProcessMemory или WriteProcessMemory был выполнен только частично. (0x12B)
[0810/193420.182:ERROR:process_memory_win.cc(73)] ReadMemory at 0x718498e000 of 6024 bytes failed: Запрос ReadProcessMemory или WriteProcessMemory был выполнен только частично. (0x12B)
[0810/193420.183:ERROR:process_memory_win.cc(73)] ReadMemory at 0x7184990000 of 6024 bytes failed: Запрос ReadProcessMemory или WriteProcessMemory был выполнен только частично. (0x12B)
[0810/193420.183:ERROR:process_memory_win.cc(73)] ReadMemory at 0x7184994000 of 6024 bytes failed: Запрос ReadProcessMemory или WriteProcessMemory был выполнен только частично. (0x12B)
[0810/193420.183:ERROR:process_memory_win.cc(73)] ReadMemory at 0x17a94e26c40 of 512 bytes failed: Запрос ReadProcessMemory или WriteProcessMemory был выполнен только частично. (0x12B)
[0810/193420.183:ERROR:process_memory_win.cc(73)] ReadMemory at 0x1b592350fe0 of 3736 bytes failed: Запрос ReadProcessMemory или WriteProcessMemory был выполнен только частично. (0x12B)
[0810/193420.183:ERROR:process_memory_win.cc(73)] ReadMemory at 0x1b592351e80 of 1012 bytes failed: Запрос ReadProcessMemory или WriteProcessMemory был выполнен только частично. (0x12B)
[0810/193420.183:ERROR:process_memory_win.cc(73)] ReadMemory at 0x1b5923524c8 of 118 bytes failed: Запрос ReadProcessMemory или WriteProcessMemory был выполнен только частично. (0x12B)
[0810/193420.184:ERROR:process_memory_win.cc(73)] ReadMemory at 0x1b592352540 of 786 bytes failed: Запрос ReadProcessMemory или WriteProcessMemory был выполнен только частично. (0x12B)
[0810/193420.184:ERROR:process_memory_win.cc(73)] ReadMemory at 0x1b592352854 of 118 bytes failed: Запрос ReadProcessMemory или WriteProcessMemory был выполнен только частично. (0x12B)
[0810/193420.184:ERROR:process_memory_win.cc(73)] ReadMemory at 0x1b5923528cc of 100 bytes failed: Запрос ReadProcessMemory или WriteProcessMemory был выполнен только частично. (0x12B)
[0810/193420.184:ERROR:process_memory_win.cc(73)] ReadMemory at 0x1b592352940 of 58 bytes failed: Запрос ReadProcessMemory или WriteProcessMemory был выполнен только частично. (0x12B)
[0810/193420.184:ERROR:process_memory_win.cc(73)] ReadMemory at 0x1b592352a40 of 132 bytes failed: Запрос ReadProcessMemory или WriteProcessMemory был выполнен только частично. (0x12B)
[0810/193420.184:ERROR:process_memory_win.cc(73)] ReadMemory at 0x1b592352bd0 of 132 bytes failed: Запрос ReadProcessMemory или WriteProcessMemory был выполнен только частично. (0x12B)
[0810/193420.184:ERROR:process_memory_win.cc(73)] ReadMemory at 0x1b592352d90 of 124 bytes failed: Запрос ReadProcessMemory или WriteProcessMemory был выполнен только частично. (0x12B)
[0810/193420.207:ERROR:process_memory_win.cc(73)] ReadMemory at 0x1b592353170 of 132 bytes failed: Запрос ReadProcessMemory или WriteProcessMemory был выполнен только частично. (0x12B)
[0810/193420.208:ERROR:process_memory_win.cc(73)] ReadMemory at 0x1b592353300 of 64 bytes failed: Запрос ReadProcessMemory или WriteProcessMemory был выполнен только частично. (0x12B)
[0810/193420.208:ERROR:process_memory_win.cc(73)] ReadMemory at 0x1b592353780 of 132 bytes failed: Запрос ReadProcessMemory или WriteProcessMemory был выполнен только частично. (0x12B)
[0810/193420.208:ERROR:process_memory_win.cc(73)] ReadMemory at 0x1b592353910 of 68 bytes failed: Запрос ReadProcessMemory или WriteProcessMemory был выполнен только частично. (0x12B)
[0810/193420.208:ERROR:process_memory_win.cc(73)] ReadMemory at 0x1b592354e40 of 132 bytes failed: Запрос ReadProcessMemory или WriteProcessMemory был выполнен только частично. (0x12B)
[0810/193420.208:ERROR:process_memory_win.cc(73)] ReadMemory at 0x1b592354fd0 of 132 bytes failed: Запрос ReadProcessMemory или WriteProcessMemory был выполнен только частично. (0x12B)
[0810/193420.208:ERROR:process_memory_win.cc(73)] ReadMemory at 0x1b592355100 of 152 bytes failed: Запрос ReadProcessMemory или WriteProcessMemory был выполнен только частично. (0x12B)
[0810/193420.208:ERROR:process_memory_win.cc(73)] ReadMemory at 0x1b592355f60 of 62 bytes failed: Запрос ReadProcessMemory или WriteProcessMemory был выполнен только частично. (0x12B)
[0810/193420.208:ERROR:process_memory_win.cc(73)] ReadMemory at 0x1b592356520 of 132 bytes failed: Запрос ReadProcessMemory или WriteProcessMemory был выполнен только частично. (0x12B)
[0810/193420.209:ERROR:process_memory_win.cc(73)] ReadMemory at 0x1b592356650 of 60 bytes failed: Запрос ReadProcessMemory или WriteProcessMemory был выполнен только частично. (0x12B)
[0810/193420.209:ERROR:process_memory_win.cc(73)] ReadMemory at 0x1b592356c50 of 132 bytes failed: Запрос ReadProcessMemory или WriteProcessMemory был выполнен только частично. (0x12B)
[0810/193420.209:ERROR:process_memory_win.cc(73)] ReadMemory at 0x1b592359980 of 60 bytes failed: Запрос ReadProcessMemory или WriteProcessMemory был выполнен только частично. (0x12B)
[0810/193420.209:ERROR:process_memory_win.cc(73)] ReadMemory at 0x1b5923599d0 of 58 bytes failed: Запрос ReadProcessMemory или WriteProcessMemory был выполнен только частично. (0x12B)
[0810/193420.209:ERROR:process_memory_win.cc(73)] ReadMemory at 0x1b592359a20 of 62 bytes failed: Запрос ReadProcessMemory или WriteProcessMemory был выполнен только частично. (0x12B)
[0810/193420.226:ERROR:process_memory_win.cc(73)] ReadMemory at 0x1b592359b10 of 60 bytes failed: Запрос ReadProcessMemory или WriteProcessMemory был выполнен только частично. (0x12B)
[0810/193420.226:ERROR:process_memory_win.cc(73)] ReadMemory at 0x1b592359b60 of 64 bytes failed: Запрос ReadProcessMemory или WriteProcessMemory был выполнен только частично. (0x12B)
[0810/193420.226:ERROR:process_memory_win.cc(73)] ReadMemory at 0x1b592359d40 of 66 bytes failed: Запрос ReadProcessMemory или WriteProcessMemory был выполнен только частично. (0x12B)
[0810/193420.227:ERROR:process_memory_win.cc(73)] ReadMemory at 0x1b592359d90 of 64 bytes failed: Запрос ReadProcessMemory или WriteProcessMemory был выполнен только частично. (0x12B)
[0810/193420.227:ERROR:process_memory_win.cc(73)] ReadMemory at 0x1b592359e30 of 60 bytes failed: Запрос ReadProcessMemory или WriteProcessMemory был выполнен только частично. (0x12B)
[0810/193420.227:ERROR:process_memory_win.cc(73)] ReadMemory at 0x1b59235a010 of 64 bytes failed: Запрос ReadProcessMemory или WriteProcessMemory был выполнен только частично. (0x12B)
[0810/193420.236:ERROR:process_memory_win.cc(73)] ReadMemory at 0x1b59235a060 of 62 bytes failed: Запрос ReadProcessMemory или WriteProcessMemory был выполнен только частично. (0x12B)
[0810/193420.236:ERROR:process_memory_win.cc(73)] ReadMemory at 0x1b59235a6b0 of 132 bytes failed: Запрос ReadProcessMemory или WriteProcessMemory был выполнен только частично. (0x12B)
[0810/193420.236:ERROR:process_memory_win.cc(73)] ReadMemory at 0x1b59235a7e0 of 132 bytes failed: Запрос ReadProcessMemory или WriteProcessMemory был выполнен только частично. (0x12B)
[0810/193420.237:ERROR:process_memory_win.cc(73)] ReadMemory at 0x1b59235b200 of 132 bytes failed: Запрос ReadProcessMemory или WriteProcessMemory был выполнен только частично. (0x12B)
[0810/193420.237:ERROR:process_memory_win.cc(73)] ReadMemory at 0x1b59235b330 of 132 bytes failed: Запрос ReadProcessMemory или WriteProcessMemory был выполнен только частично. (0x12B)
[0810/193420.355:ERROR:process_memory_win.cc(73)] ReadMemory at 0x1b59235b460 of 132 bytes failed: Запрос ReadProcessMemory или WriteProcessMemory был выполнен только частично. (0x12B)
[0810/193420.355:ERROR:process_memory_win.cc(73)] ReadMemory at 0x1b59235b6c0 of 132 bytes failed: Запрос ReadProcessMemory или WriteProcessMemory был выполнен только частично. (0x12B)
[0810/193420.355:ERROR:process_memory_win.cc(73)] ReadMemory at 0x1b59235b7f0 of 132 bytes failed: Запрос ReadProcessMemory или WriteProcessMemory был выполнен только частично. (0x12B)
[0810/193420.355:ERROR:process_memory_win.cc(73)] ReadMemory at 0x1b59235b920 of 132 bytes failed: Запрос ReadProcessMemory или WriteProcessMemory был выполнен только частично. (0x12B)
[0810/193420.355:ERROR:process_memory_win.cc(73)] ReadMemory at 0x1b59235ba50 of 132 bytes failed: Запрос ReadProcessMemory или WriteProcessMemory был выполнен только частично. (0x12B)
[0810/193420.854:ERROR:process_memory_win.cc(73)] ReadMemory at 0x1b59235bb80 of 132 bytes failed: Запрос ReadProcessMemory или WriteProcessMemory был выполнен только частично. (0x12B)
[0810/193420.854:ERROR:process_memory_win.cc(73)] ReadMemory at 0x1b59235bcb0 of 132 bytes failed: Запрос ReadProcessMemory или WriteProcessMemory был выполнен только частично. (0x12B)
[0810/193420.854:ERROR:process_memory_win.cc(73)] ReadMemory at 0x1b59235bde0 of 132 bytes failed: Запрос ReadProcessMemory или WriteProcessMemory был выполнен только частично. (0x12B)
[0810/193420.855:ERROR:process_memory_win.cc(73)] ReadMemory at 0x1b59235bf10 of 132 bytes failed: Запрос ReadProcessMemory или WriteProcessMemory был выполнен только частично. (0x12B)
[0810/193421.358:ERROR:process_memory_win.cc(73)] ReadMemory at 0x1b59235c040 of 132 bytes failed: Запрос ReadProcessMemory или WriteProcessMemory был выполнен только частично. (0x12B)
[0810/193421.358:ERROR:process_memory_win.cc(73)] ReadMemory at 0x1b59235cd50 of 132 bytes failed: Запрос ReadProcessMemory или WriteProcessMemory был выполнен только частично. (0x12B)
[0810/193421.358:ERROR:process_memory_win.cc(73)] ReadMemory at 0x1b59235ce80 of 156 bytes failed: Запрос ReadProcessMemory или WriteProcessMemory был выполнен только частично. (0x12B)
[0810/193421.359:ERROR:process_memory_win.cc(73)] ReadMemory at 0x1b59235cf60 of 132 bytes failed: Запрос ReadProcessMemory или WriteProcessMemory был выполнен только частично. (0x12B)
[0810/193421.359:ERROR:process_memory_win.cc(73)] ReadMemory at 0x1b59235f220 of 512 bytes failed: Запрос ReadProcessMemory или WriteProcessMemory был выполнен только частично. (0x12B)
[0810/193421.471:ERROR:process_memory_win.cc(73)] ReadMemory at 0x1b592361420 of 132 bytes failed: Запрос ReadProcessMemory или WriteProcessMemory был выполнен только частично. (0x12B)
[0810/193421.471:ERROR:process_memory_win.cc(73)] ReadMemory at 0x1b592361550 of 132 bytes failed: Запрос ReadProcessMemory или WriteProcessMemory был выполнен только частично. (0x12B)
[0810/193421.510:ERROR:process_memory_win.cc(73)] ReadMemory at 0x1b592361680 of 132 bytes failed: Запрос ReadProcessMemory или WriteProcessMemory был выполнен только частично. (0x12B)
[0810/193421.510:ERROR:process_memory_win.cc(73)] ReadMemory at 0x1b592361950 of 132 bytes failed: Запрос ReadProcessMemory или WriteProcessMemory был выполнен только частично. (0x12B)
[0810/193421.510:ERROR:process_memory_win.cc(73)] ReadMemory at 0x1b5923651c0 of 60 bytes failed: Запрос ReadProcessMemory или WriteProcessMemory был выполнен только частично. (0x12B)
[0810/193421.510:ERROR:process_memory_win.cc(73)] ReadMemory at 0x1b592365210 of 60 bytes failed: Запрос ReadProcessMemory или WriteProcessMemory был выполнен только частично. (0x12B)
[0810/193421.511:ERROR:process_memory_win.cc(73)] ReadMemory at 0x1b5923652b0 of 62 bytes failed: Запрос ReadProcessMemory или WriteProcessMemory был выполнен только частично. (0x12B)
[0810/193421.511:ERROR:process_memory_win.cc(73)] ReadMemory at 0x1b592365300 of 64 bytes failed: Запрос ReadProcessMemory или WriteProcessMemory был выполнен только частично. (0x12B)
[0810/193421.511:ERROR:process_memory_win.cc(73)] ReadMemory at 0x1b5923654e0 of 66 bytes failed: Запрос ReadProcessMemory или WriteProcessMemory был выполнен только частично. (0x12B)
[0810/193421.511:ERROR:process_memory_win.cc(73)] ReadMemory at 0x1b5923655d0 of 60 bytes failed: Запрос ReadProcessMemory или WriteProcessMemory был выполнен только частично. (0x12B)
[0810/193421.512:ERROR:process_memory_win.cc(73)] ReadMemory at 0x1b592365620 of 62 bytes failed: Запрос ReadProcessMemory или WriteProcessMemory был выполнен только частично. (0x12B)
[0810/193421.512:ERROR:process_memory_win.cc(73)] ReadMemory at 0x1b592365710 of 64 bytes failed: Запрос ReadProcessMemory или WriteProcessMemory был выполнен только частично. (0x12B)
[0810/193421.512:ERROR:process_memory_win.cc(73)] ReadMemory at 0x1b5923657b0 of 64 bytes failed: Запрос ReadProcessMemory или WriteProcessMemory был выполнен только частично. (0x12B)
[0810/193421.512:ERROR:process_memory_win.cc(73)] ReadMemory at 0x1b592365850 of 64 bytes failed: Запрос ReadProcessMemory или WriteProcessMemory был выполнен только частично. (0x12B)
[0810/193421.512:ERROR:process_memory_win.cc(73)] ReadMemory at 0x1b5923658a0 of 62 bytes failed: Запрос ReadProcessMemory или WriteProcessMemory был выполнен только частично. (0x12B)
[0810/193421.512:ERROR:process_memory_win.cc(73)] ReadMemory at 0x1b5923658f0 of 62 bytes failed: Запрос ReadProcessMemory или WriteProcessMemory был выполнен только частично. (0x12B)
[0810/193421.513:ERROR:process_memory_win.cc(73)] ReadMemory at 0x1b592365940 of 58 bytes failed: Запрос ReadProcessMemory или WriteProcessMemory был выполнен только частично. (0x12B)
[0810/193421.513:ERROR:process_memory_win.cc(73)] ReadMemory at 0x1b592365a80 of 62 bytes failed: Запрос ReadProcessMemory или WriteProcessMemory был выполнен только частично. (0x12B)
[0810/193421.513:ERROR:process_memory_win.cc(73)] ReadMemory at 0x1b592365b70 of 58 bytes failed: Запрос ReadProcessMemory или WriteProcessMemory был выполнен только частично. (0x12B)
[0810/193421.513:ERROR:process_memory_win.cc(73)] ReadMemory at 0x1b592365d00 of 62 bytes failed: Запрос ReadProcessMemory или WriteProcessMemory был выполнен только частично. (0x12B)
[0810/193421.513:ERROR:process_memory_win.cc(73)] ReadMemory at 0x1b592366e30 of 80 bytes failed: Запрос ReadProcessMemory или WriteProcessMemory был выполнен только частично. (0x12B)
[0810/193421.514:ERROR:process_memory_win.cc(73)] ReadMemory at 0x1b592367000 of 132 bytes failed: Запрос ReadProcessMemory или WriteProcessMemory был выполнен только частично. (0x12B)
[0810/193421.514:ERROR:process_memory_win.cc(73)] ReadMemory at 0x1b592367260 of 132 bytes failed: Запрос ReadProcessMemory или WriteProcessMemory был выполнен только частично. (0x12B)
[0810/193421.514:ERROR:process_memory_win.cc(73)] ReadMemory at 0x1b592367850 of 132 bytes failed: Запрос ReadProcessMemory или WriteProcessMemory был выполнен только частично. (0x12B)
[0810/193421.514:ERROR:process_memory_win.cc(73)] ReadMemory at 0x1b5923688f0 of 132 bytes failed: Запрос ReadProcessMemory или WriteProcessMemory был выполнен только частично. (0x12B)
[0810/193421.514:ERROR:process_memory_win.cc(73)] ReadMemory at 0x1b592368b50 of 132 bytes failed: Запрос ReadProcessMemory или WriteProcessMemory был выполнен только частично. (0x12B)
[0810/193421.515:ERROR:process_memory_win.cc(73)] ReadMemory at 0x1b592368c80 of 132 bytes failed: Запрос ReadProcessMemory или WriteProcessMemory был выполнен только частично. (0x12B)
[0810/193421.515:ERROR:process_memory_win.cc(73)] ReadMemory at 0x1b592368db0 of 132 bytes failed: Запрос ReadProcessMemory или WriteProcessMemory был выполнен только частично. (0x12B)
[0810/193421.515:ERROR:process_memory_win.cc(73)] ReadMemory at 0x1b592378fc0 of 512 bytes failed: Запрос ReadProcessMemory или WriteProcessMemory был выполнен только частично. (0x12B)
[0810/193421.515:ERROR:process_memory_win.cc(73)] ReadMemory at 0x1b592379f50 of 512 bytes failed: Запрос ReadProcessMemory или WriteProcessMemory был выполнен только частично. (0x12B)
[0810/193421.515:ERROR:process_memory_win.cc(73)] ReadMemory at 0x1b5926d7990 of 512 bytes failed: Запрос ReadProcessMemory или WriteProcessMemory был выполнен только частично. (0x12B)
[0810/193421.515:ERROR:process_memory_win.cc(73)] ReadMemory at 0x1b5926dec30 of 512 bytes failed: Запрос ReadProcessMemory или WriteProcessMemory был выполнен только частично. (0x12B)
[0810/193421.553:ERROR:process_memory_win.cc(73)] ReadMemory at 0x1b5926eed20 of 712 bytes failed: Запрос ReadProcessMemory или WriteProcessMemory был выполнен только частично. (0x12B)
[0810/193421.554:ERROR:process_memory_win.cc(73)] ReadMemory at 0x1b5946e6550 of 512 bytes failed: Запрос ReadProcessMemory или WriteProcessMemory был выполнен только частично. (0x12B)
[0810/193421.554:ERROR:process_memory_win.cc(73)] ReadMemory at 0x1b594711a30 of 512 bytes failed: Запрос ReadProcessMemory или WriteProcessMemory был выполнен только частично. (0x12B)
[0810/193421.554:ERROR:process_memory_win.cc(73)] ReadMemory at 0x1b594724b60 of 512 bytes failed: Запрос ReadProcessMemory или WriteProcessMemory был выполнен только частично. (0x12B)
[0810/193421.554:ERROR:process_memory_win.cc(73)] ReadMemory at 0x1b5947ddb58 of 512 bytes failed: Запрос ReadProcessMemory или WriteProcessMemory был выполнен только частично. (0x12B)
[0810/193421.555:ERROR:process_memory_win.cc(73)] ReadMemory at 0x1b594e01440 of 512 bytes failed: Запрос ReadProcessMemory или WriteProcessMemory был выполнен только частично. (0x12B)
[0810/193421.555:ERROR:process_memory_win.cc(73)] ReadMemory at 0x1b59a4cc240 of 512 bytes failed: Запрос ReadProcessMemory или WriteProcessMemory был выполнен только частично. (0x12B)
[0810/193421.555:ERROR:process_memory_win.cc(73)] ReadMemory at 0x1f0ee024d191 of 512 bytes failed: Запрос ReadProcessMemory или WriteProcessMemory был выполнен только частично. (0x12B)
[0810/193421.555:ERROR:process_memory_win.cc(73)] ReadMemory at 0x7ffd38ff889c of 512 bytes failed: Запрос ReadProcessMemory или WriteProcessMemory был выполнен только частично. (0x12B)
[0810/193421.596:ERROR:process_memory_win.cc(73)] ReadMemory at 0x7ffd3a9b6acc of 512 bytes failed: Запрос ReadProcessMemory или WriteProcessMemory был выполнен только частично. (0x12B)
[0810/193421.596:ERROR:process_memory_win.cc(73)] ReadMemory at 0x7ffd994e57e6 of 512 bytes failed: Запрос ReadProcessMemory или WriteProcessMemory был выполнен только частично. (0x12B)
[0810/193421.986:ERROR:process_memory_win.cc(73)] ReadMemory at 0x7ffd994e603d of 512 bytes failed: Запрос ReadProcessMemory или WriteProcessMemory был выполнен только частично. (0x12B)
[0810/193421.986:ERROR:process_memory_win.cc(73)] ReadMemory at 0x7ffda4794a50 of 512 bytes failed: Запрос ReadProcessMemory или WriteProcessMemory был выполнен только частично. (0x12B)
[0810/193421.987:ERROR:process_memory_win.cc(73)] ReadMemory at 0x7ffda4c0cf44 of 672 bytes failed: Запрос ReadProcessMemory или WriteProcessMemory был выполнен только частично. (0x12B)
[0810/193421.987:ERROR:process_memory_win.cc(73)] ReadMemory at 0x7ffda4c108b4 of 608 bytes failed: Запрос ReadProcessMemory или WriteProcessMemory был выполнен только частично. (0x12B)
[0810/193421.987:ERROR:process_memory_win.cc(73)] ReadMemory at 0x7ffda4c9df90 of 18 bytes failed: Запрос ReadProcessMemory или WriteProcessMemory был выполнен только частично. (0x12B)
[0810/193421.987:ERROR:process_memory_win.cc(73)] ReadMemory at 0x7ffda4cd65c8 of 40 bytes failed: Запрос ReadProcessMemory или WriteProcessMemory был выполнен только частично. (0x12B)
[0810/193421.987:ERROR:process_memory_win.cc(73)] ReadMemory at 0x7ffda4cd6a48 of 48 bytes failed: Запрос ReadProcessMemory или WriteProcessMemory был выполнен только частично. (0x12B)
[0810/193421.988:ERROR:process_memory_win.cc(73)] ReadMemory at 0x7ffda4cdc4c0 of 64 bytes failed: Запрос ReadProcessMemory или WriteProcessMemory был выполнен только частично. (0x12B)
[0810/193422.464:ERROR:scoped_process_suspend.cc(40)] NtResumeProcess: Попытка доступа к процессу, выполняющему процедуру завершения. (0xc000010a)
